2023-09-14 12:20:02,295 [Worker-8: Loading available Gradle versions] INFO  o.e.b.c.i.u.g.PublishedGradleVersions - Gradle version information cache is up-to-date. Trying to read.
2023-09-14 12:21:36,813 [Worker-2: Loading available Gradle versions] INFO  o.e.b.c.i.u.g.PublishedGradleVersions - Gradle version information cache is up-to-date. Trying to read.
2023-09-14 12:26:53,589 [Worker-4: Loading available Gradle versions] INFO  o.e.b.c.i.u.g.PublishedGradleVersions - Gradle version information cache is up-to-date. Trying to read.
2023-09-14 12:29:17,920 [Worker-0: Loading available Gradle versions] INFO  o.e.b.c.i.u.g.PublishedGradleVersions - Gradle version information cache is up-to-date. Trying to read.
2023-09-14 12:34:05,591 [Worker-5: Loading available Gradle versions] INFO  o.e.b.c.i.u.g.PublishedGradleVersions - Gradle version information cache is up-to-date. Trying to read.
2023-09-14 12:34:32,478 [Worker-6: Update Maven projects configuration] INFO  o.e.m.c.i.p.ProjectConfigurationManager - Update started
2023-09-14 12:34:34,497 [Worker-6: Update Maven projects configuration] INFO  o.e.m.c.i.l.LifecycleMappingFactory - Using org.eclipse.m2e.jdt.JarLifecycleMapping lifecycle mapping for MavenProject: com.bijayjava:EmployeeManagementSystem:0.0.1-SNAPSHOT @ C:\Users\BIJPRADH\Downloads\SPRINGBOOT_REACT_CRUDAPP-master\Spring-Boot-ReactJS-&MySql-CRUD-Appliaction\Employee_mangement_System_App\Backend_EmployeeManagementSystem\pom.xml.
2023-09-14 12:34:36,483 [Worker-6: Update Maven projects configuration] INFO  o.e.m.j.i.AbstractJavaProjectConfigurator - Adding source folder /Backend_EmployeeManagementSystem/src/main/java
2023-09-14 12:34:36,484 [Worker-6: Update Maven projects configuration] INFO  o.e.m.j.i.AbstractJavaProjectConfigurator - Adding resource folder /Backend_EmployeeManagementSystem/src/main/resources
2023-09-14 12:34:36,501 [Worker-6: Update Maven projects configuration] INFO  o.e.m.j.i.AbstractJavaProjectConfigurator - Adding resource folder /Backend_EmployeeManagementSystem/src/main/resources
2023-09-14 12:34:36,518 [Worker-6: Update Maven projects configuration] INFO  o.e.m.j.i.AbstractJavaProjectConfigurator - Adding source folder /Backend_EmployeeManagementSystem/src/test/java
2023-09-14 12:34:37,858 [Worker-20: Building] INFO  o.a.m.s.f.DefaultMavenResourcesFiltering - Copying 1 resource from src\main\resources to target\classes
2023-09-14 12:34:37,898 [Worker-20: Building] INFO  o.a.m.s.f.DefaultMavenResourcesFiltering - Copying 0 resource from src\main\resources to target\classes
2023-09-14 12:34:37,903 [Worker-20: Building] INFO  o.a.m.s.f.DefaultMavenResourcesFiltering - skip non existing resourceDirectory C:\Users\BIJPRADH\Downloads\SPRINGBOOT_REACT_CRUDAPP-master\Spring-Boot-ReactJS-&MySql-CRUD-Appliaction\Employee_mangement_System_App\Backend_EmployeeManagementSystem\src\test\resources
2023-09-14 12:34:40,784 [Worker-6: Update Maven projects configuration] INFO  o.e.m.c.i.p.ProjectConfigurationManager - Update completed: 8 sec
2023-09-14 12:34:40,938 [Worker-7: Building] INFO  o.a.m.s.f.DefaultMavenResourcesFiltering - Copying 1 resource from src\main\resources to target\classes
2023-09-14 12:34:40,945 [Worker-7: Building] INFO  o.a.m.s.f.DefaultMavenResourcesFiltering - Copying 0 resource from src\main\resources to target\classes
2023-09-14 12:34:40,948 [Worker-7: Building] INFO  o.a.m.s.f.DefaultMavenResourcesFiltering - skip non existing resourceDirectory C:\Users\BIJPRADH\Downloads\SPRINGBOOT_REACT_CRUDAPP-master\Spring-Boot-ReactJS-&MySql-CRUD-Appliaction\Employee_mangement_System_App\Backend_EmployeeManagementSystem\src\test\resources
2023-09-14 12:35:05,838 [Worker-25: Building] INFO  o.a.m.s.f.DefaultMavenResourcesFiltering - Copying 0 resource from src\main\resources to target\classes
2023-09-14 12:35:05,839 [Worker-25: Building] INFO  o.a.m.s.f.DefaultMavenResourcesFiltering - Copying 0 resource from src\main\resources to target\classes
2023-09-14 12:35:05,841 [Worker-25: Building] INFO  o.a.m.s.f.DefaultMavenResourcesFiltering - skip non existing resourceDirectory C:\Users\BIJPRADH\Downloads\SPRINGBOOT_REACT_CRUDAPP-master\Spring-Boot-ReactJS-&MySql-CRUD-Appliaction\Employee_mangement_System_App\Backend_EmployeeManagementSystem\src\test\resources
2023-09-14 12:37:33,883 [Worker-6: Loading available Gradle versions] INFO  o.e.b.c.i.u.g.PublishedGradleVersions - Gradle version information cache is up-to-date. Trying to read.
2023-09-14 12:37:46,491 [Worker-2: Building] INFO  o.e.m.c.i.l.LifecycleMappingFactory - Using org.eclipse.m2e.jdt.JarLifecycleMapping lifecycle mapping for MavenProject: com.bijayjava:EmployeeManagementSystem:0.0.1-SNAPSHOT @ C:\Users\BIJPRADH\Downloads\SPRINGBOOT_REACT_CRUDAPP-master\Spring-Boot-ReactJS-&MySql-CRUD-Appliaction\Employee_mangement_System_App\Backend_EmployeeManagementSystem\pom.xml.
2023-09-14 12:37:48,513 [Worker-2: Building] INFO  o.a.m.s.f.DefaultMavenResourcesFiltering - Copying 1 resource from src\main\resources to target\classes
2023-09-14 12:37:48,554 [Worker-2: Building] INFO  o.a.m.s.f.DefaultMavenResourcesFiltering - Copying 0 resource from src\main\resources to target\classes
2023-09-14 12:37:48,559 [Worker-2: Building] INFO  o.a.m.s.f.DefaultMavenResourcesFiltering - skip non existing resourceDirectory C:\Users\BIJPRADH\Downloads\SPRINGBOOT_REACT_CRUDAPP-master\Spring-Boot-ReactJS-&MySql-CRUD-Appliaction\Employee_mangement_System_App\Backend_EmployeeManagementSystem\src\test\resources
2023-09-14 12:38:12,533 [Worker-7: Launching Executing install in C__Users_BIJPRADH_Downloads_SPRINGBOOT_REACT_CRUDAPP-master_Spring-Boot-ReactJS-_MySql-CRUD-Appliaction_Employee_mangement_System_App_Backend_EmployeeManagementSystem] INFO  o.e.m.i.launch.MavenLaunchDelegate - C:\Users\BIJPRADH\Downloads\SPRINGBOOT_REACT_CRUDAPP-master\Spring-Boot-ReactJS-&MySql-CRUD-Appliaction\Employee_mangement_System_App\Backend_EmployeeManagementSystem
2023-09-14 12:38:12,539 [Worker-7: Launching Executing install in C__Users_BIJPRADH_Downloads_SPRINGBOOT_REACT_CRUDAPP-master_Spring-Boot-ReactJS-_MySql-CRUD-Appliaction_Employee_mangement_System_App_Backend_EmployeeManagementSystem] INFO  o.e.m.i.launch.MavenLaunchDelegate -  mvn -B install -Dstyle.color=always
2023-09-14 12:39:00,877 [Worker-0: Building] INFO  o.a.m.s.f.DefaultMavenResourcesFiltering - Copying 1 resource from src\main\resources to target\classes
2023-09-14 12:39:01,146 [Worker-0: Building] INFO  o.a.m.s.f.DefaultMavenResourcesFiltering - Copying 0 resource from src\main\resources to target\classes
2023-09-14 12:39:01,149 [Worker-0: Building] INFO  o.a.m.s.f.DefaultMavenResourcesFiltering - skip non existing resourceDirectory C:\Users\BIJPRADH\Downloads\SPRINGBOOT_REACT_CRUDAPP-master\Spring-Boot-ReactJS-&MySql-CRUD-Appliaction\Employee_mangement_System_App\Backend_EmployeeManagementSystem\src\test\resources
2023-09-14 12:39:16,105 [Worker-0: Updating Maven Project] INFO  o.e.m.c.i.p.ProjectConfigurationManager - Update started
2023-09-14 12:39:16,785 [Worker-0: Updating Maven Project] INFO  o.e.m.c.i.l.LifecycleMappingFactory - Using org.eclipse.m2e.jdt.JarLifecycleMapping lifecycle mapping for MavenProject: com.bijayjava:EmployeeManagementSystem:0.0.1-SNAPSHOT @ C:\Users\BIJPRADH\Downloads\SPRINGBOOT_REACT_CRUDAPP-master\Spring-Boot-ReactJS-&MySql-CRUD-Appliaction\Employee_mangement_System_App\Backend_EmployeeManagementSystem\pom.xml.
2023-09-14 12:39:17,892 [Worker-0: Updating Maven Project] INFO  o.e.m.j.i.AbstractJavaProjectConfigurator - Adding source folder /Backend_EmployeeManagementSystem/src/main/java
2023-09-14 12:39:17,894 [Worker-0: Updating Maven Project] INFO  o.e.m.j.i.AbstractJavaProjectConfigurator - Adding resource folder /Backend_EmployeeManagementSystem/src/main/resources
2023-09-14 12:39:17,896 [Worker-0: Updating Maven Project] INFO  o.e.m.j.i.AbstractJavaProjectConfigurator - Adding resource folder /Backend_EmployeeManagementSystem/src/main/resources
2023-09-14 12:39:17,897 [Worker-0: Updating Maven Project] INFO  o.e.m.j.i.AbstractJavaProjectConfigurator - Adding source folder /Backend_EmployeeManagementSystem/src/test/java
2023-09-14 12:39:18,815 [Worker-0: Updating Maven Project] INFO  o.e.m.c.i.p.ProjectConfigurationManager - Update completed: 2 sec
2023-09-14 12:39:21,313 [Worker-1: Building] INFO  o.a.m.s.f.DefaultMavenResourcesFiltering - Copying 1 resource from src\main\resources to target\classes
2023-09-14 12:39:21,339 [Worker-1: Building] INFO  o.a.m.s.f.DefaultMavenResourcesFiltering - Copying 0 resource from src\main\resources to target\classes
2023-09-14 12:39:21,343 [Worker-1: Building] INFO  o.a.m.s.f.DefaultMavenResourcesFiltering - skip non existing resourceDirectory C:\Users\BIJPRADH\Downloads\SPRINGBOOT_REACT_CRUDAPP-master\Spring-Boot-ReactJS-&MySql-CRUD-Appliaction\Employee_mangement_System_App\Backend_EmployeeManagementSystem\src\test\resources
2023-09-14 12:46:22,825 [Worker-2: Building] INFO  o.a.m.s.f.DefaultMavenResourcesFiltering - Copying 0 resource from src\main\resources to target\classes
2023-09-14 12:46:22,827 [Worker-2: Building] INFO  o.a.m.s.f.DefaultMavenResourcesFiltering - Copying 0 resource from src\main\resources to target\classes
2023-09-14 12:46:22,833 [Worker-2: Building] INFO  o.a.m.s.f.DefaultMavenResourcesFiltering - skip non existing resourceDirectory C:\Users\BIJPRADH\Downloads\SPRINGBOOT_REACT_CRUDAPP-master\Spring-Boot-ReactJS-&MySql-CRUD-Appliaction\Employee_mangement_System_App\Backend_EmployeeManagementSystem\src\test\resources
2023-09-14 14:56:26,759 [Worker-6: Loading available Gradle versions] INFO  o.e.b.c.i.u.g.PublishedGradleVersions - Gradle version information cache is up-to-date. Trying to read.
2023-09-14 14:57:07,220 [Worker-2: Loading available Gradle versions] INFO  o.e.b.c.i.u.g.PublishedGradleVersions - Gradle version information cache is up-to-date. Trying to read.
2023-09-14 14:57:59,695 [Worker-2: Loading available Gradle versions] INFO  o.e.b.c.i.u.g.PublishedGradleVersions - Gradle version information cache is up-to-date. Trying to read.
2023-11-22 16:11:23,880 [Worker-6: Loading available Gradle versions] INFO  o.e.b.c.i.u.g.PublishedGradleVersions - Gradle version information cache is up-to-date. Trying to read.
